<?xml version="1.0" encoding="UTF-8"?>
<testsuite name="com.ybkim.springstudy.springboot.web.IndexControllerTest" tests="1" skipped="0" failures="0" errors="0" timestamp="2022-08-18T14:54:28" hostname="gim-yongbeom-ui-MacBookAir.local" time="0.146">
  <properties/>
  <testcase name="메인페이지_로딩" classname="com.ybkim.springstudy.springboot.web.IndexControllerTest" time="0.146"/>
  <system-out><![CDATA[23:54:26.032 [Test worker] DEBUG org.springframework.test.context.junit4.SpringJUnit4ClassRunner - SpringJUnit4ClassRunner constructor called with [class com.ybkim.springstudy.springboot.web.IndexControllerTest]
23:54:26.035 [Test worker] DEBUG org.springframework.test.context.BootstrapUtils - Instantiating CacheAwareContextLoaderDelegate from class [org.springframework.test.context.cache.DefaultCacheAwareContextLoaderDelegate]
23:54:26.039 [Test worker] DEBUG org.springframework.test.context.BootstrapUtils - Instantiating BootstrapContext using constructor [public org.springframework.test.context.support.DefaultBootstrapContext(java.lang.Class,org.springframework.test.context.CacheAwareContextLoaderDelegate)]
23:54:26.048 [Test worker] DEBUG org.springframework.test.context.BootstrapUtils - Instantiating TestContextBootstrapper for test class [com.ybkim.springstudy.springboot.web.IndexControllerTest] from class [org.springframework.boot.test.context.SpringBootTestContextBootstrapper]
23:54:26.059 [Test worker] INFO org.springframework.boot.test.context.SpringBootTestContextBootstrapper - Neither @ContextConfiguration nor @ContextHierarchy found for test class [com.ybkim.springstudy.springboot.web.IndexControllerTest], using SpringBootContextLoader
23:54:26.061 [Test worker] DEBUG org.springframework.test.context.support.AbstractContextLoader - Did not detect default resource location for test class [com.ybkim.springstudy.springboot.web.IndexControllerTest]: class path resource [com/ybkim/springstudy/springboot/web/IndexControllerTest-context.xml] does not exist
23:54:26.061 [Test worker] DEBUG org.springframework.test.context.support.AbstractContextLoader - Did not detect default resource location for test class [com.ybkim.springstudy.springboot.web.IndexControllerTest]: class path resource [com/ybkim/springstudy/springboot/web/IndexControllerTestContext.groovy] does not exist
23:54:26.061 [Test worker] INFO org.springframework.test.context.support.AbstractContextLoader - Could not detect default resource locations for test class [com.ybkim.springstudy.springboot.web.IndexControllerTest]: no resource found for suffixes {-context.xml, Context.groovy}.
23:54:26.061 [Test worker] INFO org.springframework.test.context.support.AnnotationConfigContextLoaderUtils - Could not detect default configuration classes for test class [com.ybkim.springstudy.springboot.web.IndexControllerTest]: IndexControllerTest does not declare any static, non-private, non-final, nested classes annotated with @Configuration.
23:54:26.080 [Test worker] DEBUG org.springframework.test.context.support.ActiveProfilesUtils - Could not find an 'annotation declaring class' for annotation type [org.springframework.test.context.ActiveProfiles] and class [com.ybkim.springstudy.springboot.web.IndexControllerTest]
23:54:26.132 [Test worker] DEBUG org.springframework.context.annotation.ClassPathScanningCandidateComponentProvider - Identified candidate component class: file [/Users/bummy/IdeaProjects/studyspring/build/classes/java/main/com/ybkim/springstudy/springboot/Application.class]
23:54:26.133 [Test worker] INFO org.springframework.boot.test.context.SpringBootTestContextBootstrapper - Found @SpringBootConfiguration com.ybkim.springstudy.springboot.Application for test class com.ybkim.springstudy.springboot.web.IndexControllerTest
23:54:26.178 [Test worker] DEBUG org.springframework.boot.test.context.SpringBootTestContextBootstrapper - @TestExecutionListeners is not present for class [com.ybkim.springstudy.springboot.web.IndexControllerTest]: using defaults.
23:54:26.178 [Test worker] INFO org.springframework.boot.test.context.SpringBootTestContextBootstrapper - Loaded default TestExecutionListener class names from location [META-INF/spring.factories]: [org.springframework.boot.test.autoconfigure.restdocs.RestDocsTestExecutionListener, org.springframework.boot.test.autoconfigure.web.client.MockRestServiceServerResetTestExecutionListener, org.springframework.boot.test.autoconfigure.web.servlet.MockMvcPrintOnlyOnFailureTestExecutionListener, org.springframework.boot.test.autoconfigure.web.servlet.WebDriverTestExecutionListener, org.springframework.boot.test.mock.mockito.MockitoTestExecutionListener, org.springframework.boot.test.mock.mockito.ResetMocksTestExecutionListener, org.springframework.test.context.web.ServletTestExecutionListener, org.springframework.test.context.support.DirtiesContextBeforeModesTestExecutionListener, org.springframework.test.context.support.DependencyInjectionTestExecutionListener, org.springframework.test.context.support.DirtiesContextTestExecutionListener, org.springframework.test.context.transaction.TransactionalTestExecutionListener, org.springframework.test.context.jdbc.SqlScriptsTestExecutionListener]
23:54:26.186 [Test worker] INFO org.springframework.boot.test.context.SpringBootTestContextBootstrapper - Using TestExecutionListeners: [org.springframework.test.context.web.ServletTestExecutionListener@4d1c005e, org.springframework.test.context.support.DirtiesContextBeforeModesTestExecutionListener@8462f31, org.springframework.boot.test.mock.mockito.MockitoTestExecutionListener@24569dba, org.springframework.boot.test.autoconfigure.SpringBootDependencyInjectionTestExecutionListener@5ddeb7cb, org.springframework.test.context.support.DirtiesContextTestExecutionListener@70ed52de, org.springframework.test.context.transaction.TransactionalTestExecutionListener@496bc455, org.springframework.test.context.jdbc.SqlScriptsTestExecutionListener@59402b8f, org.springframework.boot.test.autoconfigure.restdocs.RestDocsTestExecutionListener@7188af83, org.springframework.boot.test.autoconfigure.web.client.MockRestServiceServerResetTestExecutionListener@6be968ce, org.springframework.boot.test.autoconfigure.web.servlet.MockMvcPrintOnlyOnFailureTestExecutionListener@7c37508a, org.springframework.boot.test.autoconfigure.web.servlet.WebDriverTestExecutionListener@247310d0, org.springframework.boot.test.mock.mockito.ResetMocksTestExecutionListener@1033576a]
23:54:26.187 [Test worker] DEBUG org.springframework.test.annotation.ProfileValueUtils - Retrieved @ProfileValueSourceConfiguration [null] for test class [com.ybkim.springstudy.springboot.web.IndexControllerTest]
23:54:26.187 [Test worker] DEBUG org.springframework.test.annotation.ProfileValueUtils - Retrieved ProfileValueSource type [class org.springframework.test.annotation.SystemProfileValueSource] for class [com.ybkim.springstudy.springboot.web.IndexControllerTest]
23:54:26.189 [Test worker] DEBUG org.springframework.test.annotation.ProfileValueUtils - Retrieved @ProfileValueSourceConfiguration [null] for test class [com.ybkim.springstudy.springboot.web.IndexControllerTest]
23:54:26.189 [Test worker] DEBUG org.springframework.test.annotation.ProfileValueUtils - Retrieved ProfileValueSource type [class org.springframework.test.annotation.SystemProfileValueSource] for class [com.ybkim.springstudy.springboot.web.IndexControllerTest]
23:54:26.189 [Test worker] DEBUG org.springframework.test.annotation.ProfileValueUtils - Retrieved @ProfileValueSourceConfiguration [null] for test class [com.ybkim.springstudy.springboot.web.IndexControllerTest]
23:54:26.189 [Test worker] DEBUG org.springframework.test.annotation.ProfileValueUtils - Retrieved ProfileValueSource type [class org.springframework.test.annotation.SystemProfileValueSource] for class [com.ybkim.springstudy.springboot.web.IndexControllerTest]
23:54:26.192 [Test worker] DEBUG org.springframework.test.context.support.AbstractDirtiesContextTestExecutionListener - Before test class: context [DefaultTestContext@5965d37 testClass = IndexControllerTest, testInstance = [null], testMethod = [null], testException = [null], mergedContextConfiguration = [WebMergedContextConfiguration@7a5ceedd testClass = IndexControllerTest, locations = '{}', classes = '{class com.ybkim.springstudy.springboot.Application}', contextInitializerClasses = '[]', activeProfiles = '{}', propertySourceLocations = '{}', propertySourceProperties = '{org.springframework.boot.test.context.SpringBootTestContextBootstrapper=true, server.port=0}', contextCustomizers = set[org.springframework.boot.test.autoconfigure.properties.PropertyMappingContextCustomizer@0, org.springframework.boot.test.autoconfigure.web.servlet.WebDriverContextCustomizerFactory$Customizer@16293aa2, org.springframework.boot.test.context.filter.ExcludeFilterContextCustomizer@38c6f217, org.springframework.boot.test.json.DuplicateJsonObjectContextCustomizerFactory$DuplicateJsonObjectContextCustomizer@3a93b025, org.springframework.boot.test.mock.mockito.MockitoContextCustomizer@0, org.springframework.boot.test.web.client.TestRestTemplateContextCustomizer@1b7cc17c], resourceBasePath = 'src/main/webapp', contextLoader = 'org.springframework.boot.test.context.SpringBootContextLoader', parent = [null]], attributes = map['org.springframework.test.context.web.ServletTestExecutionListener.activateListener' -> false]], class annotated with @DirtiesContext [false] with mode [null].
23:54:26.192 [Test worker] DEBUG org.springframework.test.annotation.ProfileValueUtils - Retrieved @ProfileValueSourceConfiguration [null] for test class [com.ybkim.springstudy.springboot.web.IndexControllerTest]
23:54:26.192 [Test worker] DEBUG org.springframework.test.annotation.ProfileValueUtils - Retrieved ProfileValueSource type [class org.springframework.test.annotation.SystemProfileValueSource] for class [com.ybkim.springstudy.springboot.web.IndexControllerTest]
23:54:26.194 [Test worker] DEBUG org.springframework.test.context.support.DependencyInjectionTestExecutionListener - Performing dependency injection for test context [[DefaultTestContext@5965d37 testClass = IndexControllerTest, testInstance = com.ybkim.springstudy.springboot.web.IndexControllerTest@48e1f6c7, testMethod = [null], testException = [null], mergedContextConfiguration = [WebMergedContextConfiguration@7a5ceedd testClass = IndexControllerTest, locations = '{}', classes = '{class com.ybkim.springstudy.springboot.Application}', contextInitializerClasses = '[]', activeProfiles = '{}', propertySourceLocations = '{}', propertySourceProperties = '{org.springframework.boot.test.context.SpringBootTestContextBootstrapper=true, server.port=0}', contextCustomizers = set[org.springframework.boot.test.autoconfigure.properties.PropertyMappingContextCustomizer@0, org.springframework.boot.test.autoconfigure.web.servlet.WebDriverContextCustomizerFactory$Customizer@16293aa2, org.springframework.boot.test.context.filter.ExcludeFilterContextCustomizer@38c6f217, org.springframework.boot.test.json.DuplicateJsonObjectContextCustomizerFactory$DuplicateJsonObjectContextCustomizer@3a93b025, org.springframework.boot.test.mock.mockito.MockitoContextCustomizer@0, org.springframework.boot.test.web.client.TestRestTemplateContextCustomizer@1b7cc17c], resourceBasePath = 'src/main/webapp', contextLoader = 'org.springframework.boot.test.context.SpringBootContextLoader', parent = [null]], attributes = map['org.springframework.test.context.web.ServletTestExecutionListener.activateListener' -> false]]].
23:54:26.203 [Test worker] DEBUG org.springframework.test.context.support.TestPropertySourceUtils - Adding inlined properties to environment: {spring.jmx.enabled=false, org.springframework.boot.test.context.SpringBootTestContextBootstrapper=true, server.port=0}

  .   ____          _            __ _ _
 /\\ / ___'_ __ _ _(_)_ __  __ _ \ \ \ \
( ( )\___ | '_ | '_| | '_ \/ _` | \ \ \ \
 \\/  ___)| |_)| | | | | || (_| |  ) ) ) )
  '  |____| .__|_| |_|_| |_\__, | / / / /
 =========|_|==============|___/=/_/_/_/
 :: Spring Boot ::        (v2.1.7.RELEASE)

2022-08-18 23:54:26.326  INFO 90442 --- [    Test worker] c.y.s.s.web.IndexControllerTest          : Starting IndexControllerTest on gim-yongbeom-ui-MacBookAir.local with PID 90442 (started by bummy in /Users/bummy/IdeaProjects/studyspring)
2022-08-18 23:54:26.327  INFO 90442 --- [    Test worker] c.y.s.s.web.IndexControllerTest          : No active profile set, falling back to default profiles: default
2022-08-18 23:54:26.701  INFO 90442 --- [    Test worker] .s.d.r.c.RepositoryConfigurationDelegate : Bootstrapping Spring Data repositories in DEFAULT mode.
2022-08-18 23:54:26.732  INFO 90442 --- [    Test worker] .s.d.r.c.RepositoryConfigurationDelegate : Finished Spring Data repository scanning in 27ms. Found 1 repository interfaces.
2022-08-18 23:54:26.933  INFO 90442 --- [    Test worker] trationDelegate$BeanPostProcessorChecker : Bean 'org.springframework.transaction.annotation.ProxyTransactionManagementConfiguration' of type [org.springframework.transaction.annotation.ProxyTransactionManagementConfiguration$$EnhancerBySpringCGLIB$$b68eea5d] is not eligible for getting processed by all BeanPostProcessors (for example: not eligible for auto-proxying)
2022-08-18 23:54:27.158  INFO 90442 --- [    Test worker] o.s.b.w.embedded.tomcat.TomcatWebServer  : Tomcat initialized with port(s): 0 (http)
2022-08-18 23:54:27.174  INFO 90442 --- [    Test worker] o.apache.catalina.core.StandardService   : Starting service [Tomcat]
2022-08-18 23:54:27.174  INFO 90442 --- [    Test worker] org.apache.catalina.core.StandardEngine  : Starting Servlet engine: [Apache Tomcat/9.0.22]
2022-08-18 23:54:27.223  INFO 90442 --- [    Test worker] o.a.c.c.C.[Tomcat].[localhost].[/]       : Initializing Spring embedded WebApplicationContext
2022-08-18 23:54:27.223  INFO 90442 --- [    Test worker] o.s.web.context.ContextLoader            : Root WebApplicationContext: initialization completed in 885 ms
2022-08-18 23:54:27.344  INFO 90442 --- [    Test worker] com.zaxxer.hikari.HikariDataSource       : HikariPool-1 - Starting...
2022-08-18 23:54:27.433  INFO 90442 --- [    Test worker] com.zaxxer.hikari.HikariDataSource       : HikariPool-1 - Start completed.
2022-08-18 23:54:27.476  INFO 90442 --- [    Test worker] o.hibernate.jpa.internal.util.LogHelper  : HHH000204: Processing PersistenceUnitInfo [
	name: default
	...]
2022-08-18 23:54:27.515  INFO 90442 --- [    Test worker] org.hibernate.Version                    : HHH000412: Hibernate Core {5.3.10.Final}
2022-08-18 23:54:27.517  INFO 90442 --- [    Test worker] org.hibernate.cfg.Environment            : HHH000206: hibernate.properties not found
2022-08-18 23:54:27.610  INFO 90442 --- [    Test worker] o.hibernate.annotations.common.Version   : HCANN000001: Hibernate Commons Annotations {5.0.4.Final}
2022-08-18 23:54:27.691  INFO 90442 --- [    Test worker] org.hibernate.dialect.Dialect            : HHH000400: Using dialect: org.hibernate.dialect.MySQL5InnoDBDialect
Hibernate: drop table if exists posts
Hibernate: create table posts (id bigint not null auto_increment, create_date datetime, modified_date datetime, author varchar(255), content TEXT not null, title varchar(500) not null, primary key (id)) engine=InnoDB
2022-08-18 23:54:28.021  INFO 90442 --- [    Test worker] o.h.t.schema.internal.SchemaCreatorImpl  : HHH000476: Executing import script 'org.hibernate.tool.schema.internal.exec.ScriptSourceInputNonExistentImpl@5c53c235'
2022-08-18 23:54:28.023  INFO 90442 --- [    Test worker] j.LocalContainerEntityManagerFactoryBean : Initialized JPA EntityManagerFactory for persistence unit 'default'
2022-08-18 23:54:28.489  INFO 90442 --- [    Test worker] o.s.s.concurrent.ThreadPoolTaskExecutor  : Initializing ExecutorService 'applicationTaskExecutor'
2022-08-18 23:54:28.515  WARN 90442 --- [    Test worker] aWebConfiguration$JpaWebMvcConfiguration : spring.jpa.open-in-view is enabled by default. Therefore, database queries may be performed during view rendering. Explicitly configure spring.jpa.open-in-view to disable this warning
2022-08-18 23:54:28.547  INFO 90442 --- [    Test worker] o.s.b.a.w.s.WelcomePageHandlerMapping    : Adding welcome page template: index
2022-08-18 23:54:28.735  INFO 90442 --- [    Test worker] o.s.b.w.embedded.tomcat.TomcatWebServer  : Tomcat started on port(s): 54317 (http) with context path ''
2022-08-18 23:54:28.737  INFO 90442 --- [    Test worker] c.y.s.s.web.IndexControllerTest          : Started IndexControllerTest in 2.534 seconds (JVM running for 3.023)
2022-08-18 23:54:28.824  INFO 90442 --- [o-auto-1-exec-1] o.a.c.c.C.[Tomcat].[localhost].[/]       : Initializing Spring DispatcherServlet 'dispatcherServlet'
2022-08-18 23:54:28.824  INFO 90442 --- [o-auto-1-exec-1] o.s.web.servlet.DispatcherServlet        : Initializing Servlet 'dispatcherServlet'
2022-08-18 23:54:28.832  INFO 90442 --- [o-auto-1-exec-1] o.s.web.servlet.DispatcherServlet        : Completed initialization in 8 ms
]]></system-out>
  <system-err><![CDATA[]]></system-err>
</testsuite>
